mode: set
github.com/ymotongpoo/ga/internal/errors/errors.go:27.36,28.11 1 1
github.com/ymotongpoo/ga/internal/errors/errors.go:29.17,30.22 1 1
github.com/ymotongpoo/ga/internal/errors/errors.go:31.19,32.24 1 1
github.com/ymotongpoo/ga/internal/errors/errors.go:33.16,34.21 1 1
github.com/ymotongpoo/ga/internal/errors/errors.go:35.19,36.24 1 1
github.com/ymotongpoo/ga/internal/errors/errors.go:37.20,38.25 1 1
github.com/ymotongpoo/ga/internal/errors/errors.go:39.23,40.28 1 1
github.com/ymotongpoo/ga/internal/errors/errors.go:41.10,42.25 1 1
github.com/ymotongpoo/ga/internal/errors/errors.go:56.34,59.18 2 1
github.com/ymotongpoo/ga/internal/errors/errors.go:59.18,61.3 1 1
github.com/ymotongpoo/ga/internal/errors/errors.go:61.8,63.3 1 1
github.com/ymotongpoo/ga/internal/errors/errors.go:65.2,67.20 2 1
github.com/ymotongpoo/ga/internal/errors/errors.go:67.20,69.3 1 1
github.com/ymotongpoo/ga/internal/errors/errors.go:71.2,71.33 1 1
github.com/ymotongpoo/ga/internal/errors/errors.go:75.51,76.16 1 1
github.com/ymotongpoo/ga/internal/errors/errors.go:77.17,78.141 1 1
github.com/ymotongpoo/ga/internal/errors/errors.go:79.19,80.130 1 1
github.com/ymotongpoo/ga/internal/errors/errors.go:81.16,82.126 1 1
github.com/ymotongpoo/ga/internal/errors/errors.go:83.19,84.146 1 1
github.com/ymotongpoo/ga/internal/errors/errors.go:85.20,86.140 1 1
github.com/ymotongpoo/ga/internal/errors/errors.go:87.23,88.131 1 1
github.com/ymotongpoo/ga/internal/errors/errors.go:89.10,90.49 1 0
github.com/ymotongpoo/ga/internal/errors/errors.go:95.71,96.22 1 1
github.com/ymotongpoo/ga/internal/errors/errors.go:96.22,98.3 1 1
github.com/ymotongpoo/ga/internal/errors/errors.go:99.2,100.10 2 1
github.com/ymotongpoo/ga/internal/errors/errors.go:134.57,142.2 1 1
github.com/ymotongpoo/ga/internal/errors/errors.go:145.59,153.2 1 1
github.com/ymotongpoo/ga/internal/errors/errors.go:156.56,164.2 1 1
github.com/ymotongpoo/ga/internal/errors/errors.go:167.59,175.2 1 1
github.com/ymotongpoo/ga/internal/errors/errors.go:178.60,186.2 1 1
github.com/ymotongpoo/ga/internal/errors/errors.go:189.63,197.2 1 1
github.com/ymotongpoo/ga/internal/errors/errors.go:200.52,201.19 1 1
github.com/ymotongpoo/ga/internal/errors/errors.go:202.17,203.19 1 1
github.com/ymotongpoo/ga/internal/errors/errors.go:204.19,205.21 1 1
github.com/ymotongpoo/ga/internal/errors/errors.go:206.16,207.18 1 1
github.com/ymotongpoo/ga/internal/errors/errors.go:208.19,209.21 1 1
github.com/ymotongpoo/ga/internal/errors/errors.go:210.20,211.22 1 1
github.com/ymotongpoo/ga/internal/errors/errors.go:212.23,213.25 1 1
github.com/ymotongpoo/ga/internal/errors/errors.go:214.10,215.22 1 1
github.com/ymotongpoo/ga/internal/config/config.go:47.39,49.2 1 1
github.com/ymotongpoo/ga/internal/config/config.go:52.70,54.49 1 1
github.com/ymotongpoo/ga/internal/config/config.go:54.49,56.3 1 1
github.com/ymotongpoo/ga/internal/config/config.go:59.2,60.16 2 1
github.com/ymotongpoo/ga/internal/config/config.go:60.16,62.3 1 0
github.com/ymotongpoo/ga/internal/config/config.go:65.2,66.54 2 1
github.com/ymotongpoo/ga/internal/config/config.go:66.54,68.3 1 1
github.com/ymotongpoo/ga/internal/config/config.go:70.2,70.21 1 1
github.com/ymotongpoo/ga/internal/config/config.go:74.66,75.19 1 1
github.com/ymotongpoo/ga/internal/config/config.go:75.19,77.3 1 0
github.com/ymotongpoo/ga/internal/config/config.go:80.2,80.57 1 1
github.com/ymotongpoo/ga/internal/config/config.go:80.57,82.3 1 1
github.com/ymotongpoo/ga/internal/config/config.go:85.2,85.53 1 1
github.com/ymotongpoo/ga/internal/config/config.go:85.53,87.3 1 1
github.com/ymotongpoo/ga/internal/config/config.go:90.2,90.52 1 1
github.com/ymotongpoo/ga/internal/config/config.go:90.52,92.3 1 1
github.com/ymotongpoo/ga/internal/config/config.go:95.2,95.63 1 1
github.com/ymotongpoo/ga/internal/config/config.go:95.63,97.3 1 1
github.com/ymotongpoo/ga/internal/config/config.go:99.2,99.12 1 1
github.com/ymotongpoo/ga/internal/config/config.go:103.74,104.47 1 1
github.com/ymotongpoo/ga/internal/config/config.go:104.47,106.3 1 1
github.com/ymotongpoo/ga/internal/config/config.go:107.2,107.45 1 1
github.com/ymotongpoo/ga/internal/config/config.go:107.45,109.3 1 0
github.com/ymotongpoo/ga/internal/config/config.go:110.2,110.45 1 1
github.com/ymotongpoo/ga/internal/config/config.go:110.45,112.3 1 0
github.com/ymotongpoo/ga/internal/config/config.go:113.2,113.33 1 1
github.com/ymotongpoo/ga/internal/config/config.go:113.33,115.3 1 0
github.com/ymotongpoo/ga/internal/config/config.go:116.2,116.12 1 1
github.com/ymotongpoo/ga/internal/config/config.go:120.70,124.68 2 1
github.com/ymotongpoo/ga/internal/config/config.go:124.68,126.3 1 1
github.com/ymotongpoo/ga/internal/config/config.go:129.2,129.66 1 1
github.com/ymotongpoo/ga/internal/config/config.go:129.66,131.3 1 0
github.com/ymotongpoo/ga/internal/config/config.go:134.2,136.30 3 1
github.com/ymotongpoo/ga/internal/config/config.go:136.30,138.3 1 1
github.com/ymotongpoo/ga/internal/config/config.go:140.2,140.12 1 1
github.com/ymotongpoo/ga/internal/config/config.go:144.69,146.73 1 1
github.com/ymotongpoo/ga/internal/config/config.go:146.73,148.3 1 1
github.com/ymotongpoo/ga/internal/config/config.go:150.2,150.12 1 1
github.com/ymotongpoo/ga/internal/config/config.go:154.80,155.45 1 1
github.com/ymotongpoo/ga/internal/config/config.go:155.45,157.43 1 1
github.com/ymotongpoo/ga/internal/config/config.go:157.43,159.4 1 0
github.com/ymotongpoo/ga/internal/config/config.go:160.3,160.71 1 1
github.com/ymotongpoo/ga/internal/config/config.go:160.71,162.4 1 0
github.com/ymotongpoo/ga/internal/config/config.go:165.3,165.33 1 1
github.com/ymotongpoo/ga/internal/config/config.go:165.33,167.4 1 0
github.com/ymotongpoo/ga/internal/config/config.go:169.3,169.43 1 1
github.com/ymotongpoo/ga/internal/config/config.go:169.43,171.42 1 1
github.com/ymotongpoo/ga/internal/config/config.go:171.42,173.5 1 0
github.com/ymotongpoo/ga/internal/config/config.go:174.4,174.70 1 1
github.com/ymotongpoo/ga/internal/config/config.go:174.70,176.5 1 0
github.com/ymotongpoo/ga/internal/config/config.go:179.4,179.35 1 1
github.com/ymotongpoo/ga/internal/config/config.go:179.35,181.5 1 0
github.com/ymotongpoo/ga/internal/config/config.go:182.4,182.32 1 1
github.com/ymotongpoo/ga/internal/config/config.go:182.32,184.5 1 0
github.com/ymotongpoo/ga/internal/config/config.go:187.4,194.42 2 1
github.com/ymotongpoo/ga/internal/config/config.go:194.42,195.30 1 1
github.com/ymotongpoo/ga/internal/config/config.go:195.30,197.6 1 1
github.com/ymotongpoo/ga/internal/config/config.go:202.2,202.12 1 1
github.com/ymotongpoo/ga/internal/auth/auth.go:63.55,81.2 4 1
github.com/ymotongpoo/ga/internal/auth/auth.go:84.60,86.68 1 1
github.com/ymotongpoo/ga/internal/auth/auth.go:86.68,88.3 1 1
github.com/ymotongpoo/ga/internal/auth/auth.go:91.2,97.49 5 0
github.com/ymotongpoo/ga/internal/auth/auth.go:97.49,99.3 1 0
github.com/ymotongpoo/ga/internal/auth/auth.go:101.2,101.20 1 0
github.com/ymotongpoo/ga/internal/auth/auth.go:101.20,103.3 1 0
github.com/ymotongpoo/ga/internal/auth/auth.go:106.2,107.16 2 0
github.com/ymotongpoo/ga/internal/auth/auth.go:107.16,109.3 1 0
github.com/ymotongpoo/ga/internal/auth/auth.go:112.2,112.29 1 0
github.com/ymotongpoo/ga/internal/auth/auth.go:112.29,114.3 1 0
github.com/ymotongpoo/ga/internal/auth/auth.go:117.2,117.43 1 0
github.com/ymotongpoo/ga/internal/auth/auth.go:117.43,119.3 1 0
github.com/ymotongpoo/ga/internal/auth/auth.go:121.2,122.12 2 0
github.com/ymotongpoo/ga/internal/auth/auth.go:126.86,128.16 2 1
github.com/ymotongpoo/ga/internal/auth/auth.go:128.16,130.3 1 1
github.com/ymotongpoo/ga/internal/auth/auth.go:133.2,133.20 1 0
github.com/ymotongpoo/ga/internal/auth/auth.go:133.20,134.45 1 0
github.com/ymotongpoo/ga/internal/auth/auth.go:134.45,136.4 1 0
github.com/ymotongpoo/ga/internal/auth/auth.go:138.3,139.17 2 0
github.com/ymotongpoo/ga/internal/auth/auth.go:139.17,141.4 1 0
github.com/ymotongpoo/ga/internal/auth/auth.go:144.2,144.19 1 0
github.com/ymotongpoo/ga/internal/auth/auth.go:148.67,150.16 2 0
github.com/ymotongpoo/ga/internal/auth/auth.go:150.16,152.3 1 0
github.com/ymotongpoo/ga/internal/auth/auth.go:154.2,154.30 1 0
github.com/ymotongpoo/ga/internal/auth/auth.go:154.30,156.3 1 0
github.com/ymotongpoo/ga/internal/auth/auth.go:159.2,161.16 3 0
github.com/ymotongpoo/ga/internal/auth/auth.go:161.16,163.3 1 0
github.com/ymotongpoo/ga/internal/auth/auth.go:166.2,166.46 1 0
github.com/ymotongpoo/ga/internal/auth/auth.go:166.46,168.3 1 0
github.com/ymotongpoo/ga/internal/auth/auth.go:170.2,170.12 1 0
github.com/ymotongpoo/ga/internal/auth/auth.go:174.69,176.16 2 1
github.com/ymotongpoo/ga/internal/auth/auth.go:176.16,178.3 1 1
github.com/ymotongpoo/ga/internal/auth/auth.go:181.2,181.19 1 0
github.com/ymotongpoo/ga/internal/auth/auth.go:181.19,183.3 1 0
github.com/ymotongpoo/ga/internal/auth/auth.go:186.2,186.44 1 0
github.com/ymotongpoo/ga/internal/auth/auth.go:186.44,188.3 1 0
github.com/ymotongpoo/ga/internal/auth/auth.go:190.2,190.13 1 0
github.com/ymotongpoo/ga/internal/auth/auth.go:194.46,195.56 1 1
github.com/ymotongpoo/ga/internal/auth/auth.go:195.56,197.3 1 1
github.com/ymotongpoo/ga/internal/auth/auth.go:199.2,199.47 1 0
github.com/ymotongpoo/ga/internal/auth/auth.go:199.47,201.3 1 0
github.com/ymotongpoo/ga/internal/auth/auth.go:203.2,203.12 1 0
github.com/ymotongpoo/ga/internal/auth/auth.go:207.62,209.16 2 0
github.com/ymotongpoo/ga/internal/auth/auth.go:209.16,211.3 1 0
github.com/ymotongpoo/ga/internal/auth/auth.go:213.2,219.8 1 0
github.com/ymotongpoo/ga/internal/auth/auth.go:223.64,225.16 2 0
github.com/ymotongpoo/ga/internal/auth/auth.go:225.16,227.3 1 0
github.com/ymotongpoo/ga/internal/auth/auth.go:228.2,230.60 2 0
github.com/ymotongpoo/ga/internal/auth/auth.go:230.60,232.3 1 0
github.com/ymotongpoo/ga/internal/auth/auth.go:234.2,234.12 1 0
github.com/ymotongpoo/ga/internal/auth/auth.go:238.62,240.16 2 1
github.com/ymotongpoo/ga/internal/auth/auth.go:240.16,242.3 1 1
github.com/ymotongpoo/ga/internal/auth/auth.go:243.2,246.61 3 0
github.com/ymotongpoo/ga/internal/auth/auth.go:246.61,248.3 1 0
github.com/ymotongpoo/ga/internal/auth/auth.go:250.2,250.20 1 0
github.com/ymotongpoo/ga/internal/auth/auth.go:254.79,262.2 2 1
github.com/ymotongpoo/ga/internal/analytics/analytics.go:124.117,126.16 2 0
github.com/ymotongpoo/ga/internal/analytics/analytics.go:126.16,128.3 1 0
github.com/ymotongpoo/ga/internal/analytics/analytics.go:130.2,132.8 1 0
github.com/ymotongpoo/ga/internal/analytics/analytics.go:136.104,142.16 3 0
github.com/ymotongpoo/ga/internal/analytics/analytics.go:142.16,144.3 1 0
github.com/ymotongpoo/ga/internal/analytics/analytics.go:146.2,150.8 1 0
github.com/ymotongpoo/ga/internal/analytics/analytics.go:154.54,156.46 1 1
github.com/ymotongpoo/ga/internal/analytics/analytics.go:156.46,157.54 1 1
github.com/ymotongpoo/ga/internal/analytics/analytics.go:157.54,158.27 1 1
github.com/ymotongpoo/ga/internal/analytics/analytics.go:158.27,160.5 1 1
github.com/ymotongpoo/ga/internal/analytics/analytics.go:162.3,162.15 1 1
github.com/ymotongpoo/ga/internal/analytics/analytics.go:166.2,166.39 1 1
github.com/ymotongpoo/ga/internal/analytics/analytics.go:166.39,168.3 1 0
github.com/ymotongpoo/ga/internal/analytics/analytics.go:171.2,180.44 3 1
github.com/ymotongpoo/ga/internal/analytics/analytics.go:180.44,181.40 1 1
github.com/ymotongpoo/ga/internal/analytics/analytics.go:181.40,183.4 1 1
github.com/ymotongpoo/ga/internal/analytics/analytics.go:186.2,186.14 1 1
github.com/ymotongpoo/ga/internal/analytics/analytics.go:190.70,192.36 2 1
github.com/ymotongpoo/ga/internal/analytics/analytics.go:192.36,194.3 1 1
github.com/ymotongpoo/ga/internal/analytics/analytics.go:195.2,195.14 1 1
github.com/ymotongpoo/ga/internal/analytics/analytics.go:199.68,200.46 1 1
github.com/ymotongpoo/ga/internal/analytics/analytics.go:200.46,201.22 1 1
github.com/ymotongpoo/ga/internal/analytics/analytics.go:202.12,203.80 1 1
github.com/ymotongpoo/ga/internal/analytics/analytics.go:204.12,205.92 1 1
github.com/ymotongpoo/ga/internal/analytics/analytics.go:206.12,207.82 1 1
github.com/ymotongpoo/ga/internal/analytics/analytics.go:208.12,209.88 1 0
github.com/ymotongpoo/ga/internal/analytics/analytics.go:210.11,211.105 1 1
github.com/ymotongpoo/ga/internal/analytics/analytics.go:215.2,215.39 1 0
github.com/ymotongpoo/ga/internal/analytics/analytics.go:215.39,216.23 1 0
github.com/ymotongpoo/ga/internal/analytics/analytics.go:216.23,218.4 1 0
github.com/ymotongpoo/ga/internal/analytics/analytics.go:219.3,219.90 1 0
github.com/ymotongpoo/ga/internal/analytics/analytics.go:222.2,222.86 1 0
github.com/ymotongpoo/ga/internal/analytics/analytics.go:226.111,227.21 1 0
github.com/ymotongpoo/ga/internal/analytics/analytics.go:227.21,229.3 1 0
github.com/ymotongpoo/ga/internal/analytics/analytics.go:232.2,233.16 2 0
github.com/ymotongpoo/ga/internal/analytics/analytics.go:233.16,235.3 1 0
github.com/ymotongpoo/ga/internal/analytics/analytics.go:238.2,238.55 1 0
github.com/ymotongpoo/ga/internal/analytics/analytics.go:242.149,261.35 7 0
github.com/ymotongpoo/ga/internal/analytics/analytics.go:261.35,263.45 2 0
github.com/ymotongpoo/ga/internal/analytics/analytics.go:263.45,270.18 4 0
github.com/ymotongpoo/ga/internal/analytics/analytics.go:270.18,272.5 1 0
github.com/ymotongpoo/ga/internal/analytics/analytics.go:272.10,274.5 1 0
github.com/ymotongpoo/ga/internal/analytics/analytics.go:276.4,280.5 1 0
github.com/ymotongpoo/ga/internal/analytics/analytics.go:285.2,285.12 1 0
github.com/ymotongpoo/ga/internal/analytics/analytics.go:285.12,286.38 1 0
github.com/ymotongpoo/ga/internal/analytics/analytics.go:286.38,289.4 2 0
github.com/ymotongpoo/ga/internal/analytics/analytics.go:293.2,293.12 1 0
github.com/ymotongpoo/ga/internal/analytics/analytics.go:293.12,297.3 3 0
github.com/ymotongpoo/ga/internal/analytics/analytics.go:300.2,306.30 6 0
github.com/ymotongpoo/ga/internal/analytics/analytics.go:306.30,307.21 1 0
github.com/ymotongpoo/ga/internal/analytics/analytics.go:307.21,309.12 2 0
github.com/ymotongpoo/ga/internal/analytics/analytics.go:313.3,313.24 1 0
github.com/ymotongpoo/ga/internal/analytics/analytics.go:313.24,315.4 1 0
github.com/ymotongpoo/ga/internal/analytics/analytics.go:318.3,321.42 4 0
github.com/ymotongpoo/ga/internal/analytics/analytics.go:325.2,325.21 1 0
github.com/ymotongpoo/ga/internal/analytics/analytics.go:325.21,327.3 1 0
github.com/ymotongpoo/ga/internal/analytics/analytics.go:330.2,336.25 6 0
github.com/ymotongpoo/ga/internal/analytics/analytics.go:336.25,338.35 2 0
github.com/ymotongpoo/ga/internal/analytics/analytics.go:338.35,340.4 1 0
github.com/ymotongpoo/ga/internal/analytics/analytics.go:342.2,352.8 2 0
github.com/ymotongpoo/ga/internal/analytics/analytics.go:356.104,359.45 2 1
github.com/ymotongpoo/ga/internal/analytics/analytics.go:359.45,360.43 1 1
github.com/ymotongpoo/ga/internal/analytics/analytics.go:360.43,363.18 2 1
github.com/ymotongpoo/ga/internal/analytics/analytics.go:363.18,365.5 1 0
github.com/ymotongpoo/ga/internal/analytics/analytics.go:367.4,374.40 2 1
github.com/ymotongpoo/ga/internal/analytics/analytics.go:378.2,378.24 1 1
github.com/ymotongpoo/ga/internal/analytics/analytics.go:378.24,380.3 1 0
github.com/ymotongpoo/ga/internal/analytics/analytics.go:382.2,382.22 1 1
github.com/ymotongpoo/ga/internal/analytics/analytics.go:386.79,389.33 2 1
github.com/ymotongpoo/ga/internal/analytics/analytics.go:389.33,390.58 1 1
github.com/ymotongpoo/ga/internal/analytics/analytics.go:390.58,392.4 1 1
github.com/ymotongpoo/ga/internal/analytics/analytics.go:392.9,394.4 1 1
github.com/ymotongpoo/ga/internal/analytics/analytics.go:397.2,397.27 1 1
github.com/ymotongpoo/ga/internal/analytics/analytics.go:401.107,404.67 2 0
github.com/ymotongpoo/ga/internal/analytics/analytics.go:404.67,406.18 1 0
github.com/ymotongpoo/ga/internal/analytics/analytics.go:406.18,410.11 3 0
github.com/ymotongpoo/ga/internal/analytics/analytics.go:411.22,412.26 1 0
github.com/ymotongpoo/ga/internal/analytics/analytics.go:413.29,413.29 0 0
github.com/ymotongpoo/ga/internal/analytics/analytics.go:417.3,418.17 2 0
github.com/ymotongpoo/ga/internal/analytics/analytics.go:418.17,420.4 1 0
github.com/ymotongpoo/ga/internal/analytics/analytics.go:422.3,425.31 2 0
github.com/ymotongpoo/ga/internal/analytics/analytics.go:425.31,426.9 1 0
github.com/ymotongpoo/ga/internal/analytics/analytics.go:430.3,430.42 1 0
github.com/ymotongpoo/ga/internal/analytics/analytics.go:430.42,431.9 1 0
github.com/ymotongpoo/ga/internal/analytics/analytics.go:436.2,437.47 2 0
github.com/ymotongpoo/ga/internal/analytics/analytics.go:441.111,444.41 2 0
github.com/ymotongpoo/ga/internal/analytics/analytics.go:444.41,448.3 1 0
github.com/ymotongpoo/ga/internal/analytics/analytics.go:451.2,452.41 2 0
github.com/ymotongpoo/ga/internal/analytics/analytics.go:452.41,456.3 1 0
github.com/ymotongpoo/ga/internal/analytics/analytics.go:459.2,476.16 5 0
github.com/ymotongpoo/ga/internal/analytics/analytics.go:476.16,478.3 1 0
github.com/ymotongpoo/ga/internal/analytics/analytics.go:480.2,485.8 1 0
github.com/ymotongpoo/ga/internal/analytics/analytics.go:489.83,496.54 3 1
github.com/ymotongpoo/ga/internal/analytics/analytics.go:496.54,498.3 1 1
github.com/ymotongpoo/ga/internal/analytics/analytics.go:501.2,501.54 1 1
github.com/ymotongpoo/ga/internal/analytics/analytics.go:501.54,503.3 1 1
github.com/ymotongpoo/ga/internal/analytics/analytics.go:505.2,505.16 1 1
github.com/ymotongpoo/ga/internal/analytics/analytics.go:509.113,512.36 2 1
github.com/ymotongpoo/ga/internal/analytics/analytics.go:512.36,519.48 3 1
github.com/ymotongpoo/ga/internal/analytics/analytics.go:519.48,521.4 1 1
github.com/ymotongpoo/ga/internal/analytics/analytics.go:524.3,524.48 1 1
github.com/ymotongpoo/ga/internal/analytics/analytics.go:524.48,526.4 1 1
github.com/ymotongpoo/ga/internal/analytics/analytics.go:528.3,528.30 1 1
github.com/ymotongpoo/ga/internal/analytics/analytics.go:531.2,531.13 1 1
github.com/ymotongpoo/ga/internal/analytics/analytics.go:535.152,550.16 5 0
github.com/ymotongpoo/ga/internal/analytics/analytics.go:550.16,552.3 1 0
github.com/ymotongpoo/ga/internal/analytics/analytics.go:554.2,567.8 4 0
github.com/ymotongpoo/ga/internal/analytics/analytics.go:571.149,586.16 5 0
github.com/ymotongpoo/ga/internal/analytics/analytics.go:586.16,588.3 1 0
github.com/ymotongpoo/ga/internal/analytics/analytics.go:590.2,603.8 4 0
github.com/ymotongpoo/ga/internal/logger/global.go:13.39,14.17 1 1
github.com/ymotongpoo/ga/internal/logger/global.go:14.17,16.3 1 1
github.com/ymotongpoo/ga/internal/logger/global.go:20.32,21.25 1 1
github.com/ymotongpoo/ga/internal/logger/global.go:21.25,24.3 1 1
github.com/ymotongpoo/ga/internal/logger/global.go:25.2,25.21 1 1
github.com/ymotongpoo/ga/internal/logger/global.go:29.48,31.2 1 1
github.com/ymotongpoo/ga/internal/logger/global.go:34.47,36.2 1 1
github.com/ymotongpoo/ga/internal/logger/global.go:39.47,41.2 1 1
github.com/ymotongpoo/ga/internal/logger/global.go:44.48,46.2 1 1
github.com/ymotongpoo/ga/internal/logger/global.go:49.67,51.2 1 1
github.com/ymotongpoo/ga/internal/logger/global.go:54.57,56.2 1 1
github.com/ymotongpoo/ga/internal/logger/global.go:59.53,61.2 1 1
github.com/ymotongpoo/ga/internal/logger/global.go:64.46,66.2 1 1
github.com/ymotongpoo/ga/internal/logger/global.go:69.25,71.2 1 1
github.com/ymotongpoo/ga/internal/logger/logger.go:26.35,27.11 1 1
github.com/ymotongpoo/ga/internal/logger/logger.go:28.13,29.17 1 1
github.com/ymotongpoo/ga/internal/logger/logger.go:30.12,31.16 1 1
github.com/ymotongpoo/ga/internal/logger/logger.go:32.12,33.16 1 1
github.com/ymotongpoo/ga/internal/logger/logger.go:34.13,35.17 1 1
github.com/ymotongpoo/ga/internal/logger/logger.go:36.10,37.19 1 1
github.com/ymotongpoo/ga/internal/logger/logger.go:52.40,54.15 2 1
github.com/ymotongpoo/ga/internal/logger/logger.go:54.15,56.3 1 1
github.com/ymotongpoo/ga/internal/logger/logger.go:58.2,69.15 4 1
github.com/ymotongpoo/ga/internal/logger/logger.go:73.43,75.2 1 0
github.com/ymotongpoo/ga/internal/logger/logger.go:78.46,81.2 2 1
github.com/ymotongpoo/ga/internal/logger/logger.go:84.51,87.2 2 1
github.com/ymotongpoo/ga/internal/logger/logger.go:90.60,91.22 1 1
github.com/ymotongpoo/ga/internal/logger/logger.go:91.22,93.3 1 1
github.com/ymotongpoo/ga/internal/logger/logger.go:97.59,98.21 1 1
github.com/ymotongpoo/ga/internal/logger/logger.go:98.21,100.3 1 1
github.com/ymotongpoo/ga/internal/logger/logger.go:104.59,105.21 1 1
github.com/ymotongpoo/ga/internal/logger/logger.go:105.21,107.3 1 1
github.com/ymotongpoo/ga/internal/logger/logger.go:111.60,112.22 1 1
github.com/ymotongpoo/ga/internal/logger/logger.go:112.22,114.3 1 1
github.com/ymotongpoo/ga/internal/logger/logger.go:118.74,122.17 3 1
github.com/ymotongpoo/ga/internal/logger/logger.go:122.17,126.3 2 1
github.com/ymotongpoo/ga/internal/logger/logger.go:126.8,128.20 1 1
github.com/ymotongpoo/ga/internal/logger/logger.go:128.20,130.4 1 1
github.com/ymotongpoo/ga/internal/logger/logger.go:135.79,139.17 3 1
github.com/ymotongpoo/ga/internal/logger/logger.go:139.17,143.3 2 0
github.com/ymotongpoo/ga/internal/logger/logger.go:143.8,146.3 1 1
github.com/ymotongpoo/ga/internal/logger/logger.go:150.79,151.17 1 1
github.com/ymotongpoo/ga/internal/logger/logger.go:151.17,153.35 2 1
github.com/ymotongpoo/ga/internal/logger/logger.go:153.35,155.4 1 1
github.com/ymotongpoo/ga/internal/logger/logger.go:160.69,161.17 1 1
github.com/ymotongpoo/ga/internal/logger/logger.go:161.17,163.3 1 1
github.com/ymotongpoo/ga/internal/logger/logger.go:167.65,168.13 1 1
github.com/ymotongpoo/ga/internal/logger/logger.go:168.13,170.18 2 1
github.com/ymotongpoo/ga/internal/logger/logger.go:170.18,172.4 1 0
github.com/ymotongpoo/ga/internal/logger/logger.go:173.8,175.3 1 1
github.com/ymotongpoo/ga/internal/logger/logger.go:179.58,180.17 1 1
github.com/ymotongpoo/ga/internal/logger/logger.go:180.17,182.3 1 1
github.com/ymotongpoo/ga/internal/logger/logger.go:182.8,182.53 1 1
github.com/ymotongpoo/ga/internal/logger/logger.go:182.53,185.3 1 1
github.com/ymotongpoo/ga/internal/logger/logger.go:189.37,191.2 1 1
github.com/ymotongpoo/ga/internal/output/output.go:38.39,45.2 1 1
github.com/ymotongpoo/ga/internal/output/output.go:48.90,49.17 1 1
github.com/ymotongpoo/ga/internal/output/output.go:49.17,51.3 1 1
github.com/ymotongpoo/ga/internal/output/output.go:54.2,59.27 4 1
github.com/ymotongpoo/ga/internal/output/output.go:59.27,60.55 1 1
github.com/ymotongpoo/ga/internal/output/output.go:60.55,62.4 1 0
github.com/ymotongpoo/ga/internal/output/output.go:66.2,66.32 1 1
github.com/ymotongpoo/ga/internal/output/output.go:66.32,67.46 1 1
github.com/ymotongpoo/ga/internal/output/output.go:67.46,69.4 1 0
github.com/ymotongpoo/ga/internal/output/output.go:73.2,73.42 1 1
github.com/ymotongpoo/ga/internal/output/output.go:73.42,75.3 1 0
github.com/ymotongpoo/ga/internal/output/output.go:77.2,77.12 1 1
github.com/ymotongpoo/ga/internal/output/output.go:81.92,83.2 1 1
github.com/ymotongpoo/ga/internal/output/output.go:86.78,95.52 6 1
github.com/ymotongpoo/ga/internal/output/output.go:95.52,97.3 1 0
github.com/ymotongpoo/ga/internal/output/output.go:99.2,99.12 1 1
github.com/ymotongpoo/ga/internal/output/output.go:103.76,104.17 1 1
github.com/ymotongpoo/ga/internal/output/output.go:104.17,106.3 1 1
github.com/ymotongpoo/ga/internal/output/output.go:108.2,108.28 1 1
github.com/ymotongpoo/ga/internal/output/output.go:108.28,110.3 1 1
github.com/ymotongpoo/ga/internal/output/output.go:113.2,114.32 2 1
github.com/ymotongpoo/ga/internal/output/output.go:114.32,115.34 1 1
github.com/ymotongpoo/ga/internal/output/output.go:115.34,117.4 1 1
github.com/ymotongpoo/ga/internal/output/output.go:120.2,120.12 1 1
github.com/ymotongpoo/ga/internal/output/output.go:124.94,126.45 1 1
github.com/ymotongpoo/ga/internal/output/output.go:126.45,128.3 1 1
github.com/ymotongpoo/ga/internal/output/output.go:131.2,131.43 1 1
github.com/ymotongpoo/ga/internal/output/output.go:131.43,133.3 1 1
github.com/ymotongpoo/ga/internal/output/output.go:136.2,136.57 1 1
github.com/ymotongpoo/ga/internal/output/output.go:140.109,141.20 1 1
github.com/ymotongpoo/ga/internal/output/output.go:141.20,143.3 1 1
github.com/ymotongpoo/ga/internal/output/output.go:146.2,146.53 1 1
github.com/ymotongpoo/ga/internal/output/output.go:146.53,148.3 1 0
github.com/ymotongpoo/ga/internal/output/output.go:151.2,151.45 1 1
github.com/ymotongpoo/ga/internal/output/output.go:151.45,153.3 1 0
github.com/ymotongpoo/ga/internal/output/output.go:156.2,156.58 1 1
github.com/ymotongpoo/ga/internal/output/output.go:156.58,158.3 1 1
github.com/ymotongpoo/ga/internal/output/output.go:161.2,162.16 2 1
github.com/ymotongpoo/ga/internal/output/output.go:162.16,164.3 1 0
github.com/ymotongpoo/ga/internal/output/output.go:165.2,165.15 1 1
github.com/ymotongpoo/ga/internal/output/output.go:165.15,166.48 1 1
github.com/ymotongpoo/ga/internal/output/output.go:166.48,168.4 1 0
github.com/ymotongpoo/ga/internal/output/output.go:172.2,172.47 1 1
github.com/ymotongpoo/ga/internal/output/output.go:172.47,174.57 1 0
github.com/ymotongpoo/ga/internal/output/output.go:174.57,176.4 1 0
github.com/ymotongpoo/ga/internal/output/output.go:177.3,177.100 1 0
github.com/ymotongpoo/ga/internal/output/output.go:181.2,187.46 5 1
github.com/ymotongpoo/ga/internal/output/output.go:187.46,189.3 1 1
github.com/ymotongpoo/ga/internal/output/output.go:189.8,191.3 1 0
github.com/ymotongpoo/ga/internal/output/output.go:193.2,193.12 1 1
github.com/ymotongpoo/ga/internal/output/output.go:197.69,199.39 1 1
github.com/ymotongpoo/ga/internal/output/output.go:199.39,201.3 1 1
github.com/ymotongpoo/ga/internal/output/output.go:204.2,205.38 2 1
github.com/ymotongpoo/ga/internal/output/output.go:205.38,206.39 1 1
github.com/ymotongpoo/ga/internal/output/output.go:206.39,208.4 1 1
github.com/ymotongpoo/ga/internal/output/output.go:212.2,212.59 1 1
github.com/ymotongpoo/ga/internal/output/output.go:212.59,214.3 1 0
github.com/ymotongpoo/ga/internal/output/output.go:216.2,216.12 1 1
github.com/ymotongpoo/ga/internal/output/output.go:220.74,224.16 2 1
github.com/ymotongpoo/ga/internal/output/output.go:224.16,226.3 1 1
github.com/ymotongpoo/ga/internal/output/output.go:229.2,229.48 1 1
github.com/ymotongpoo/ga/internal/output/output.go:229.48,231.48 2 1
github.com/ymotongpoo/ga/internal/output/output.go:231.48,233.4 1 1
github.com/ymotongpoo/ga/internal/output/output.go:236.2,236.12 1 1
github.com/ymotongpoo/ga/internal/output/output.go:240.87,242.26 1 1
github.com/ymotongpoo/ga/internal/output/output.go:242.26,244.3 1 1
github.com/ymotongpoo/ga/internal/output/output.go:247.2,247.62 1 1
github.com/ymotongpoo/ga/internal/output/output.go:247.62,249.3 1 0
github.com/ymotongpoo/ga/internal/output/output.go:252.2,252.57 1 1
github.com/ymotongpoo/ga/internal/output/output.go:252.57,254.3 1 0
github.com/ymotongpoo/ga/internal/output/output.go:257.2,257.90 1 1
github.com/ymotongpoo/ga/internal/output/output.go:261.81,262.17 1 1
github.com/ymotongpoo/ga/internal/output/output.go:262.17,264.3 1 1
github.com/ymotongpoo/ga/internal/output/output.go:266.2,272.38 6 1
github.com/ymotongpoo/ga/internal/output/output.go:272.38,274.40 2 1
github.com/ymotongpoo/ga/internal/output/output.go:274.40,276.4 1 1
github.com/ymotongpoo/ga/internal/output/output.go:279.2,279.16 1 1
github.com/ymotongpoo/ga/cmd/ga/main.go:16.13,22.49 3 0
github.com/ymotongpoo/ga/cmd/ga/main.go:22.49,25.3 2 0
github.com/ymotongpoo/ga/cmd/ga/main.go:27.2,28.19 2 0
github.com/ymotongpoo/ga/cmd/ga/main.go:40.26,45.2 1 1
github.com/ymotongpoo/ga/cmd/ga/main.go:48.47,57.2 2 1
github.com/ymotongpoo/ga/cmd/ga/main.go:60.56,61.44 1 1
github.com/ymotongpoo/ga/cmd/ga/main.go:61.44,62.21 1 1
github.com/ymotongpoo/ga/cmd/ga/main.go:63.25,64.12 1 1
github.com/ymotongpoo/ga/cmd/ga/main.go:65.27,66.12 1 1
github.com/ymotongpoo/ga/cmd/ga/main.go:67.24,68.12 1 1
github.com/ymotongpoo/ga/cmd/ga/main.go:69.27,70.12 1 1
github.com/ymotongpoo/ga/cmd/ga/main.go:71.11,72.12 1 0
github.com/ymotongpoo/ga/cmd/ga/main.go:75.2,75.10 1 1
github.com/ymotongpoo/ga/cmd/ga/main.go:80.64,82.16 2 1
github.com/ymotongpoo/ga/cmd/ga/main.go:82.16,85.3 2 1
github.com/ymotongpoo/ga/cmd/ga/main.go:88.2,88.20 1 1
github.com/ymotongpoo/ga/cmd/ga/main.go:88.20,90.3 1 0
github.com/ymotongpoo/ga/cmd/ga/main.go:93.2,93.18 1 1
github.com/ymotongpoo/ga/cmd/ga/main.go:93.18,96.3 2 1
github.com/ymotongpoo/ga/cmd/ga/main.go:99.2,99.21 1 1
github.com/ymotongpoo/ga/cmd/ga/main.go:99.21,102.3 2 1
github.com/ymotongpoo/ga/cmd/ga/main.go:105.2,105.19 1 1
github.com/ymotongpoo/ga/cmd/ga/main.go:105.19,106.46 1 1
github.com/ymotongpoo/ga/cmd/ga/main.go:106.46,110.4 3 1
github.com/ymotongpoo/ga/cmd/ga/main.go:111.3,111.11 1 0
github.com/ymotongpoo/ga/cmd/ga/main.go:115.2,115.62 1 1
github.com/ymotongpoo/ga/cmd/ga/main.go:115.62,119.3 3 1
github.com/ymotongpoo/ga/cmd/ga/main.go:121.2,121.10 1 0
github.com/ymotongpoo/ga/cmd/ga/main.go:125.66,130.20 3 1
github.com/ymotongpoo/ga/cmd/ga/main.go:130.21,132.3 0 1
github.com/ymotongpoo/ga/cmd/ga/main.go:135.2,147.39 9 1
github.com/ymotongpoo/ga/cmd/ga/main.go:147.39,148.26 1 1
github.com/ymotongpoo/ga/cmd/ga/main.go:148.26,151.4 2 0
github.com/ymotongpoo/ga/cmd/ga/main.go:152.3,152.157 1 1
github.com/ymotongpoo/ga/cmd/ga/main.go:156.2,156.30 1 1
github.com/ymotongpoo/ga/cmd/ga/main.go:156.30,158.3 1 0
github.com/ymotongpoo/ga/cmd/ga/main.go:160.2,160.21 1 1
github.com/ymotongpoo/ga/cmd/ga/main.go:164.31,183.2 18 1
github.com/ymotongpoo/ga/cmd/ga/main.go:186.34,189.2 2 1
github.com/ymotongpoo/ga/cmd/ga/main.go:192.59,196.28 2 1
github.com/ymotongpoo/ga/cmd/ga/main.go:196.28,198.3 1 1
github.com/ymotongpoo/ga/cmd/ga/main.go:201.2,201.51 1 0
github.com/ymotongpoo/ga/cmd/ga/main.go:201.51,203.3 1 0
github.com/ymotongpoo/ga/cmd/ga/main.go:205.2,206.12 2 0
github.com/ymotongpoo/ga/cmd/ga/main.go:210.88,211.19 1 1
github.com/ymotongpoo/ga/cmd/ga/main.go:211.19,214.3 2 1
github.com/ymotongpoo/ga/cmd/ga/main.go:216.2,219.63 2 1
github.com/ymotongpoo/ga/cmd/ga/main.go:219.63,221.3 1 1
github.com/ymotongpoo/ga/cmd/ga/main.go:224.2,224.61 1 1
github.com/ymotongpoo/ga/cmd/ga/main.go:224.61,225.31 1 1
github.com/ymotongpoo/ga/cmd/ga/main.go:225.31,227.4 1 1
github.com/ymotongpoo/ga/cmd/ga/main.go:227.9,229.4 1 1
github.com/ymotongpoo/ga/cmd/ga/main.go:230.3,230.138 1 1
github.com/ymotongpoo/ga/cmd/ga/main.go:234.2,235.16 2 0
github.com/ymotongpoo/ga/cmd/ga/main.go:235.16,237.3 1 0
github.com/ymotongpoo/ga/cmd/ga/main.go:240.2,240.65 1 0
github.com/ymotongpoo/ga/cmd/ga/main.go:240.65,242.3 1 0
github.com/ymotongpoo/ga/cmd/ga/main.go:245.2,246.16 2 0
github.com/ymotongpoo/ga/cmd/ga/main.go:246.16,248.3 1 0
github.com/ymotongpoo/ga/cmd/ga/main.go:251.2,251.86 1 0
github.com/ymotongpoo/ga/cmd/ga/main.go:251.86,253.3 1 0
github.com/ymotongpoo/ga/cmd/ga/main.go:255.2,256.12 2 0
